[    0.000000] Linux version 4.15.0-212-generic (buildd@lcy02-amd64-083) (gcc version 7.5.0 (Ubuntu 7.5.0-3ubuntu1~18.04)) #223-Ubuntu SMP Tue May 23 13:09:22 UTC 2023 (Ubuntu 4.15.0-212.223-generic 4.15.18)
[    0.000000] Command line: BOOT_IMAGE=/boot/vmlinuz-4.15.0-212-generic root=LABEL=cloudimg-rootfs ro console=tty1 console=ttyS0
[    0.000000] KERNEL supported cpus:
[    0.000000]   Intel GenuineIntel
[    0.000000]   AMD AuthenticAMD
[    0.000000]   Centaur CentaurHauls
[    0.000000] x86/fpu: Supporting XSAVE feature 0x001: 'x87 floating point registers'
[    0.000000] x86/fpu: Supporting XSAVE feature 0x002: 'SSE registers'
[    0.000000] x86/fpu: Supporting XSAVE feature 0x004: 'AVX registers'
[    0.000000] x86/fpu: xstate_offset[2]:  576, xstate_sizes[2]:  256
[    0.000000] x86/fpu: Enabled xstate features 0x7, context size is 832 bytes, using 'standard' format.
[    0.000000] e820: BIOS-provided physical RAM map:
[    0.000000] BIOS-e820: [mem 0x0000000000000000-0x000000000009fbff] usable
[    0.000000] BIOS-e820: [mem 0x000000000009fc00-0x000000000009ffff] reserved
[    0.000000] BIOS-e820: [mem 0x00000000000f0000-0x00000000000fffff] reserved
[    0.000000] BIOS-e820: [mem 0x0000000000100000-0x000000003ffeffff] usable
[    0.000000] BIOS-e820: [mem 0x000000003fff0000-0x000000003fffffff] ACPI data
[    0.000000] BIOS-e820: [mem 0x00000000fec00000-0x00000000fec00fff] reserved
[    0.000000] BIOS-e820: [mem 0x00000000fee00000-0x00000000fee00fff] reserved
[    0.000000] BIOS-e820: [mem 0x00000000fffc0000-0x00000000ffffffff] reserved
[    0.000000] NX (Execute Disable) protection: active
[    0.000000] SMBIOS 2.5 present.
[    0.000000] DMI: innotek GmbH VirtualBox/VirtualBox, BIOS VirtualBox 12/01/2006
[    0.000000] Hypervisor detected: KVM
[    0.000000] e820: last_pfn = 0x3fff0 max_arch_pfn = 0x400000000
[    0.000000] MTRR: Disabled
[    0.000000] x86/PAT: MTRRs disabled, skipping PAT initialization too.
[    0.000000] CPU MTRRs all blank - virtualized system.
[    0.000000] x86/PAT: Configuration [0-7]: WB  WT  UC- UC  WB  WT  UC- UC  
[    0.000000] found SMP MP-table at [mem 0x0009fff0-0x0009ffff]
[    0.000000] Scanning 1 areas for low memory corruption
[    0.000000] RAMDISK: [mem 0x359cb000-0x36cdcfff]
[    0.000000] ACPI: Early table checksum verification disabled
[    0.000000] ACPI: RSDP 0x00000000000E0000 000024 (v02 VBOX  )
[    0.000000] ACPI: XSDT 0x000000003FFF0030 00003C (v01 VBOX   VBOXXSDT 00000001 ASL  00000061)
[    0.000000] ACPI: FACP 0x000000003FFF00F0 0000F4 (v04 VBOX   VBOXFACP 00000001 ASL  00000061)
[    0.000000] ACPI: DSDT 0x000000003FFF0610 002353 (v02 VBOX   VBOXBIOS 00000002 INTL 20200925)
[    0.000000] ACPI: FACS 0x000000003FFF0200 000040
[    0.000000] ACPI: FACS 0x000000003FFF0200 000040
[    0.000000] ACPI: APIC 0x000000003FFF0240 000054 (v02 VBOX   VBOXAPIC 00000001 ASL  00000061)
[    0.000000] ACPI: SSDT 0x000000003FFF02A0 00036C (v01 VBOX   VBOXCPUT 00000002 INTL 20200925)
[    0.000000] ACPI: Reserving FACP table memory at [mem 0x3fff00f0-0x3fff01e3]
[    0.000000] ACPI: Reserving DSDT table memory at [mem 0x3fff0610-0x3fff2962]
[    0.000000] ACPI: Reserving FACS table memory at [mem 0x3fff0200-0x3fff023f]
[    0.000000] ACPI: Reserving FACS table memory at [mem 0x3fff0200-0x3fff023f]
[    0.000000] ACPI: Reserving APIC table memory at [mem 0x3fff0240-0x3fff0293]
[    0.000000] ACPI: Reserving SSDT table memory at [mem 0x3fff02a0-0x3fff060b]
[    0.000000] No NUMA configuration found
[    0.000000] Faking a node at [mem 0x0000000000000000-0x000000003ffeffff]
[    0.000000] NODE_DATA(0) allocated [mem 0x3ffc5000-0x3ffeffff]
[    0.000000] kvm-clock: cpu 0, msr 0:3ff44001, primary cpu clock
[    0.000000] kvm-clock: Using msrs 4b564d01 and 4b564d00
[    0.000000] kvm-clock: using sched offset of 4572931140 cycles
[    0.000000] clocksource: kvm-clock: mask: 0xffffffffffffffff max_cycles: 0x1cd42e4dffb, max_idle_ns: 881590591483 ns
[    0.000000] Zone ranges:
[    0.000000]   DMA      [mem 0x0000000000001000-0x0000000000ffffff]
[    0.000000]   DMA32    [mem 0x0000000001000000-0x000000003ffeffff]
[    0.000000]   Normal   empty
[    0.000000]   Device   empty
[    0.000000] Movable zone start for each node
[    0.000000] Early memory node ranges
[    0.000000]   node   0: [mem 0x0000000000001000-0x000000000009efff]
[    0.000000]   node   0: [mem 0x0000000000100000-0x000000003ffeffff]
[    0.000000] Reserved but unavailable: 104 pages
[    0.000000] Initmem setup node 0 [mem 0x0000000000001000-0x000000003ffeffff]
[    0.000000] ACPI: PM-Timer IO Port: 0x4008
[    0.000000] IOAPIC[0]: apic_id 1, version 32, address 0xfec00000, GSI 0-23
[    0.000000] ACPI: INT_SRC_OVR (bus 0 bus_irq 0 global_irq 2 dfl dfl)
[    0.000000] ACPI: INT_SRC_OVR (bus 0 bus_irq 9 global_irq 9 low level)
[    0.000000] Using ACPI (MADT) for SMP configuration information
[    0.000000] smpboot: Allowing 1 CPUs, 0 hotplug CPUs
[    0.000000] PM: Registered nosave memory: [mem 0x00000000-0x00000fff]
[    0.000000] PM: Registered nosave memory: [mem 0x0009f000-0x0009ffff]
[    0.000000] PM: Registered nosave memory: [mem 0x000a0000-0x000effff]
[    0.000000] PM: Registered nosave memory: [mem 0x000f0000-0x000fffff]
[    0.000000] e820: [mem 0x40000000-0xfebfffff] available for PCI devices
[    0.000000] Booting paravirtualized kernel on KVM
[    0.000000] clocksource: refined-jiffies: mask: 0xffffffff max_cycles: 0xffffffff, max_idle_ns: 7645519600211568 ns
[    0.000000] setup_percpu: NR_CPUS:8192 nr_cpumask_bits:1 nr_cpu_ids:1 nr_node_ids:1
[    0.000000] percpu: Embedded 50 pages/cpu s167936 r8192 d28672 u2097152
[    0.000000] PV qspinlock hash table entries: 256 (order: 0, 4096 bytes)
[    0.000000] Built 1 zonelists, mobility grouping on.  Total pages: 257913
[    0.000000] Policy zone: DMA32
[    0.000000] Kernel command line: BOOT_IMAGE=/boot/vmlinuz-4.15.0-212-generic root=LABEL=cloudimg-rootfs ro console=tty1 console=ttyS0
[    0.000000] Memory: 982844K/1048120K available (12300K kernel code, 2477K rwdata, 4324K rodata, 2480K init, 2720K bss, 65276K reserved, 0K cma-reserved)
[    0.000000] SLUB: HWalign=64, Order=0-3, MinObjects=0, CPUs=1, Nodes=1
[    0.000000] Kernel/User page tables isolation: enabled
[    0.000000] ftrace: allocating 39508 entries in 155 pages
[    0.004000] Hierarchical RCU implementation.
[    0.004000] 	RCU restricting CPUs from NR_CPUS=8192 to nr_cpu_ids=1.
[    0.004000] 	Tasks RCU enabled.
[    0.004000] RCU: Adjusting geometry for rcu_fanout_leaf=16, nr_cpu_ids=1
[    0.004000] NR_IRQS: 524544, nr_irqs: 256, preallocated irqs: 16
[    0.004000] random: crng init done
[    0.004000] Console: colour VGA+ 80x25
[    0.004000] console [tty1] enabled
[    0.004000] console [ttyS0] enabled
[    0.004000] ACPI: Core revision 20170831
[    0.004000] ACPI: 2 ACPI AML tables successfully acquired and loaded
[    0.004000] APIC: Switch to symmetric I/O mode setup
[    0.005475] x2apic enabled
[    0.008035] Switched APIC routing to physical x2apic.
[    0.016000] ..TIMER: vector=0x30 apic1=0 pin1=2 apic2=-1 pin2=-1
[    0.016015] tsc: Detected 2394.558 MHz processor
[    0.020035] Calibrating delay loop (skipped) preset value.. 4789.11 BogoMIPS (lpj=9578232)
[    0.024019] pid_max: default: 32768 minimum: 301
[    0.028164] Security Framework initialized
[    0.032014] Yama: becoming mindful.
[    0.036099] AppArmor: AppArmor initialized
[    0.045066] Dentry cache hash table entries: 131072 (order: 8, 1048576 bytes)
[    0.048276] Inode-cache hash table entries: 65536 (order: 7, 524288 bytes)
[    0.052071] Mount-cache hash table entries: 2048 (order: 2, 16384 bytes)
[    0.056040] Mountpoint-cache hash table entries: 2048 (order: 2, 16384 bytes)
[    0.061130] process: using mwait in idle threads
[    0.064026] Last level iTLB entries: 4KB 512, 2MB 8, 4MB 8
[    0.068012] Last level dTLB entries: 4KB 512, 2MB 32, 4MB 32, 1GB 0
[    0.072015] Spectre V1 : Mitigation: usercopy/swapgs barriers and __user pointer sanitization
[    0.076017] Spectre V2 : Mitigation: Retpolines
[    0.080010] Spectre V2 : Spectre v2 / SpectreRSB mitigation: Filling RSB on context switch
[    0.084012] Spectre V2 : Spectre v2 / SpectreRSB : Filling RSB on VMEXIT
[    0.088011] Speculative Store Bypass: Vulnerable
[    0.092140] MDS: Mitigation: Clear CPU buffers
[    0.096010] MMIO Stale Data: Unknown: No mitigations
[    0.100014] SRBDS: Unknown: Dependent on hypervisor status
[    0.149982] Freeing SMP alternatives memory: 36K
[    0.272355] smpboot: CPU0: Intel(R) Core(TM) i5-3437U CPU @ 1.90GHz (family: 0x6, model: 0x3a, stepping: 0x9)
[    0.276264] Performance Events: unsupported p6 CPU model 58 no PMU driver, software events only.
[    0.280160] Hierarchical SRCU implementation.
[    0.288068] NMI watchdog: Perf event create on CPU 0 failed with -2
[    0.292008] NMI watchdog: Perf NMI watchdog permanently disabled
[    0.296141] smp: Bringing up secondary CPUs ...
[    0.299041] smp: Brought up 1 node, 1 CPU
[    0.300009] smpboot: Max logical packages: 1
[    0.304010] smpboot: Total of 1 processors activated (4789.11 BogoMIPS)
[    0.308354] devtmpfs: initialized
[    0.310681] x86/mm: Memory block size: 128MB
[    0.312800] evm: security.selinux
[    0.316022] evm: security.SMACK64
[    0.320011] evm: security.SMACK64EXEC
[    0.324026] evm: security.SMACK64TRANSMUTE
[    0.328020] evm: security.SMACK64MMAP
[    0.332024] evm: security.apparmor
[    0.336018] evm: security.ima
[    0.340009] evm: security.capability
[    0.344448] clocksource: jiffies: mask: 0xffffffff max_cycles: 0xffffffff, max_idle_ns: 7645041785100000 ns
[    0.348051] futex hash table entries: 256 (order: 2, 16384 bytes)
[    0.352132] pinctrl core: initialized pinctrl subsystem
[    0.356337] RTC time:  1:14:01, date: 03/30/24
[    0.360374] NET: Registered protocol family 16
[    0.364254] audit: initializing netlink subsys (disabled)
[    0.368451] cpuidle: using governor ladder
[    0.372021] audit: type=2000 audit(1711761247.465:1): state=initialized audit_enabled=0 res=1
[    0.376017] cpuidle: using governor menu
[    0.380145] ACPI: bus type PCI registered
[    0.384011] acpiphp: ACPI Hot Plug PCI Controller Driver version: 0.5
[    0.392090] PCI: Using configuration type 1 for base access
[    0.400844] HugeTLB registered 2.00 MiB page size, pre-allocated 0 pages
[    0.405228] ACPI: Added _OSI(Module Device)
[    0.408029] ACPI: Added _OSI(Processor Device)
[    0.412009] ACPI: Added _OSI(3.0 _SCP Extensions)
[    0.416015] ACPI: Added _OSI(Processor Aggregator Device)
[    0.420069] ACPI: Added _OSI(Linux-Dell-Video)
[    0.424011] ACPI: Added _OSI(Linux-Lenovo-NV-HDMI-Audio)
[    0.428010] ACPI: Added _OSI(Linux-HPI-Hybrid-Graphics)
[    0.433047] ACPI: Executed 1 blocks of module-level executable AML code
[    0.452845] ACPI: Interpreter enabled
[    0.455350] ACPI: (supports S0 S5)
[    0.456011] ACPI: Using IOAPIC for interrupt routing
[    0.460972] PCI: Using host bridge windows from ACPI; if necessary, use "pci=nocrs" and report a bug
[    0.464622] ACPI: Enabled 2 GPEs in block 00 to 07
[    0.497219] ACPI: PCI Root Bridge [PCI0] (domain 0000 [bus 00-ff])
[    0.500026] acpi PNP0A03:00: _OSC: OS supports [ASPM ClockPM Segments MSI]
[    0.506047] acpi PNP0A03:00: _OSC: not requesting OS control; OS requires [ExtendedConfig ASPM ClockPM MSI]
[    0.508055] acpi PNP0A03:00: fail to add MMCONFIG information, can't access extended PCI configuration space under this bridge.
[    0.517374] PCI host bridge to bus 0000:00
[    0.520017] pci_bus 0000:00: root bus resource [io  0x0000-0x0cf7 window]
[    0.524013] pci_bus 0000:00: root bus resource [io  0x0d00-0xffff window]
[    0.528012] pci_bus 0000:00: root bus resource [mem 0x000a0000-0x000bffff window]
[    0.532013] pci_bus 0000:00: root bus resource [mem 0x40000000-0xfdffffff window]
[    0.536014] pci_bus 0000:00: root bus resource [bus 00-ff]
[    0.549073] pci 0000:00:01.1: legacy IDE quirk: reg 0x10: [io  0x01f0-0x01f7]
[    0.552013] pci 0000:00:01.1: legacy IDE quirk: reg 0x14: [io  0x03f6]
[    0.556011] pci 0000:00:01.1: legacy IDE quirk: reg 0x18: [io  0x0170-0x0177]
[    0.560012] pci 0000:00:01.1: legacy IDE quirk: reg 0x1c: [io  0x0376]
[    0.611154] pci 0000:00:07.0: quirk: [io  0x4000-0x403f] claimed by PIIX4 ACPI
[    0.616012] pci 0000:00:07.0: quirk: [io  0x4100-0x410f] claimed by PIIX4 SMB
[    0.652635] ACPI: PCI Interrupt Link [LNKA] (IRQs 5 9 10 *11)
[    0.657599] ACPI: PCI Interrupt Link [LNKB] (IRQs 5 9 *10 11)
[    0.660489] ACPI: PCI Interrupt Link [LNKC] (IRQs 5 *9 10 11)
[    0.668028] ACPI: PCI Interrupt Link [LNKD] (IRQs 5 9 10 *11)
[    0.672670] SCSI subsystem initialized
[    0.675458] pci 0000:00:02.0: vgaarb: setting as boot VGA device
[    0.676000] pci 0000:00:02.0: vgaarb: VGA device added: decodes=io+mem,owns=io+mem,locks=none
[    0.676015] pci 0000:00:02.0: vgaarb: bridge control possible
[    0.680013] vgaarb: loaded
[    0.682141] ACPI: bus type USB registered
[    0.684063] usbcore: registered new interface driver usbfs
[    0.688034] usbcore: registered new interface driver hub
[    0.692038] usbcore: registered new device driver usb
[    0.696203] EDAC MC: Ver: 3.0.0
[    0.700172] PCI: Using ACPI for IRQ routing
[    0.703763] NetLabel: Initializing
[    0.704010] NetLabel:  domain hash size = 128
[    0.708007] NetLabel:  protocols = UNLABELED CIPSOv4 CALIPSO
[    0.711783] NetLabel:  unlabeled traffic allowed by default
[    0.716038] clocksource: Switched to clocksource kvm-clock
[    0.744728] VFS: Disk quotas dquot_6.6.0
[    0.755918] VFS: Dquot-cache hash table entries: 512 (order 0, 4096 bytes)
[    0.760567] AppArmor: AppArmor Filesystem Enabled
[    0.763874] pnp: PnP ACPI init
[    0.770779] pnp: PnP ACPI: found 3 devices
[    0.782066] clocksource: acpi_pm: mask: 0xffffff max_cycles: 0xffffff, max_idle_ns: 2085701024 ns
[    0.788241] NET: Registered protocol family 2
[    0.791198] IP idents hash table entries: 16384 (order: 5, 131072 bytes)
[    0.796130] TCP established hash table entries: 8192 (order: 4, 65536 bytes)
[    0.800707] TCP bind hash table entries: 8192 (order: 5, 131072 bytes)
[    0.804603] TCP: Hash tables configured (established 8192 bind 8192)
[    0.809482] UDP hash table entries: 512 (order: 2, 16384 bytes)
[    0.813512] UDP-Lite hash table entries: 512 (order: 2, 16384 bytes)
[    0.817576] NET: Registered protocol family 1
[    0.820357] pci 0000:00:00.0: Limiting direct PCI/PCI transfers
[    0.824223] pci 0000:00:01.0: Activating ISA DMA hang workarounds
[    0.828117] pci 0000:00:02.0: Video device with shadowed ROM at [mem 0x000c0000-0x000dffff]
[    0.834030] Unpacking initramfs...
[    1.926101] Freeing initrd memory: 19528K
[    1.929986] clocksource: tsc: mask: 0xffffffffffffffff max_cycles: 0x2284227c47e, max_idle_ns: 440795245431 ns
[    1.937153] platform rtc_cmos: registered platform RTC device (no PNP device found)
[    1.942596] Scanning for low memory corruption every 60 seconds
[    1.948087] Initialise system trusted keyrings
[    1.951447] Key type blacklist registered
[    1.954343] workingset: timestamp_bits=36 max_order=18 bucket_order=0
[    1.961811] zbud: loaded
[    1.965263] squashfs: version 4.0 (2009/01/31) Phillip Lougher
[    1.969635] fuse init (API version 7.26)
[    1.975055] Key type asymmetric registered
[    1.977929] Asymmetric key parser 'x509' registered
[    1.981283] Block layer SCSI generic (bsg) driver version 0.4 loaded (major 246)
[    1.989217] io scheduler noop registered
[    1.992770] io scheduler deadline registered
[    1.995991] io scheduler cfq registered (default)
[    2.000221] ACPI: AC Adapter [AC] (on-line)
[    2.003244] input: Power Button as /devices/LNXSYSTM:00/LNXPWRBN:00/input/input0
[    2.008279] ACPI: Power Button [PWRF]
[    2.011205] input: Sleep Button as /devices/LNXSYSTM:00/LNXSLPBN:00/input/input1
[    2.016440] ACPI: Sleep Button [SLPF]
[    2.023361] ACPI: Battery Slot [BAT0] (battery present)
[    2.027416] Serial: 8250/16550 driver, 32 ports, IRQ sharing enabled
[    2.055516] 00:02: ttyS0 at I/O 0x3f8 (irq = 4, base_baud = 115200) is a 16550A
[    2.064634] Linux agpgart interface v0.103
[    2.071508] loop: module loaded
[    2.075385] scsi host0: ata_piix
[    2.078171] scsi host1: ata_piix
[    2.080580] ata1: PATA max UDMA/33 cmd 0x1f0 ctl 0x3f6 bmdma 0xd000 irq 14
[    2.084919] ata2: PATA max UDMA/33 cmd 0x170 ctl 0x376 bmdma 0xd008 irq 15
[    2.090779] tun: Universal TUN/TAP device driver, 1.6
[    2.094103] PPP generic driver version 2.4.2
[    2.097128] ehci_hcd: USB 2.0 'Enhanced' Host Controller (EHCI) Driver
[    2.101345] ehci-pci: EHCI PCI platform driver
[    2.104493] ehci-platform: EHCI generic platform driver
[    2.107901] ohci_hcd: USB 1.1 'Open' Host Controller (OHCI) Driver
[    2.111792] ohci-pci: OHCI PCI platform driver
[    2.114853] ohci-platform: OHCI generic platform driver
[    2.118263] uhci_hcd: USB Universal Host Controller Interface driver
[    2.122325] i8042: PNP: PS/2 Controller [PNP0303:PS2K,PNP0f03:PS2M] at 0x60,0x64 irq 1,12
[    2.128652] serio: i8042 KBD port at 0x60,0x64 irq 1
[    2.132199] serio: i8042 AUX port at 0x60,0x64 irq 12
[    2.135826] mousedev: PS/2 mouse device common for all mice
[    2.140490] input: AT Translated Set 2 keyboard as /devices/platform/i8042/serio0/input/input2
[    2.146708] rtc_cmos rtc_cmos: rtc core: registered rtc_cmos as rtc0
[    2.151505] rtc_cmos rtc_cmos: alarms up to one day, 114 bytes nvram
[    2.156458] i2c /dev entries driver
[    2.158941] device-mapper: uevent: version 1.0.3
[    2.162277] device-mapper: ioctl: 4.37.0-ioctl (2017-09-20) initialised: dm-devel@redhat.com
[    2.167990] ledtrig-cpu: registered to indicate activity on CPUs
[    2.173120] NET: Registered protocol family 10
[    2.180844] Segment Routing with IPv6
[    2.190381] NET: Registered protocol family 17
[    2.193841] Key type dns_resolver registered
[    2.197197] mce: Using 0 MCE banks
[    2.199560] RAS: Correctable Errors collector initialized.
[    2.203542] sched_clock: Marking stable (2203452211, 0)->(2978992774, -775540563)
[    2.208959] registered taskstats version 1
[    2.211644] Loading compiled-in X.509 certificates
[    2.222503] Loaded X.509 cert 'Build time autogenerated kernel key: b5b26778eaa3ab3a4a6cee031137706e947d12ad'
[    2.231858] Loaded X.509 cert 'Canonical Ltd. Live Patch Signing: 14df34d1a87cf37625abec039ef2bf521249b969'
[    2.240918] Loaded X.509 cert 'Canonical Ltd. Kernel Module Signing: 88f752e560a1e0737e31163a466ad7b70a850c19'
[    2.247293] blacklist: Loading compiled-in revocation X.509 certificates
[    2.281953] Loaded X.509 cert 'Canonical Ltd. Secure Boot Signing: 61482aa2830d0ab2ad5af10b7250da9033ddcef0'
[    2.293515] Loaded X.509 cert 'Canonical Ltd. Secure Boot Signing (2017): 242ade75ac4a15e50d50c84b0d45ff3eae707a03'
[    2.303060] Loaded X.509 cert 'Canonical Ltd. Secure Boot Signing (ESM 2018): 365188c1d374d6b07c3c8f240f8ef722433d6a8b'
[    2.312375] Loaded X.509 cert 'Canonical Ltd. Secure Boot Signing (2019): c0746fd6c5da3ae827864651ad66ae47fe24b3e8'
[    2.319144] Loaded X.509 cert 'Canonical Ltd. Secure Boot Signing (2021 v1): a8d54bbb3825cfb94fa13c9f8a594a195c107b8d'
[    2.325906] Loaded X.509 cert 'Canonical Ltd. Secure Boot Signing (2021 v2): 4cf046892d6fd3c9a5b03f98d845f90851dc6a8c'
[    2.332669] Loaded X.509 cert 'Canonical Ltd. Secure Boot Signing (2021 v3): 100437bb6de6e469b581e61cd66bce3ef4ed53af'
[    2.339461] Loaded X.509 cert 'Canonical Ltd. Secure Boot Signing (Ubuntu Core 2019): c1d57b8f6b743f23ee41f4f7ee292f06eecadfb9'
[    2.346866] zswap: loaded using pool lzo/zbud
[    2.359318] Key type big_key registered
[    2.362446] Key type trusted registered
[    2.369697] Key type encrypted registered
[    2.372818] AppArmor: AppArmor sha1 policy hashing enabled
[    2.376488] ima: No TPM chip found, activating TPM-bypass! (rc=-19)
[    2.380591] ima: Allocated hash algorithm: sha1
[    2.383599] evm: HMAC attrs: 0x1
[    2.386728]   Magic number: 0:507:206
[    2.389446] rtc_cmos rtc_cmos: setting system clock to 2024-03-30 01:14:03 UTC (1711761243)
[    2.394931] BIOS EDD facility v0.16 2004-Jun-25, 0 devices found
[    2.398722] EDD information not available.
[    2.409362] Freeing unused kernel image memory: 2480K
[    2.420330] Write protecting the kernel read-only data: 20480k
[    2.428472] Freeing unused kernel image memory: 2008K
[    2.435070] Freeing unused kernel image memory: 1820K
[    2.475809] x86/mm: Checked W+X mappings: passed, no W+X pages found.
[    2.481289] x86/mm: Checking user space page tables
[    2.516207] x86/mm: Checked W+X mappings: passed, no W+X pages found.
Loading, please wait...
starting version 237
[    2.919266] Fusion MPT base driver 3.04.20
[    2.923949] Copyright (c) 1999-2008 LSI Corporation
[    2.973019] e1000: Intel(R) PRO/1000 Network Driver - version 7.3.21-k8-NAPI
[    2.980279] e1000: Copyright (c) 1999-2006 Intel Corporation.
[    3.139777] Fusion MPT SPI Host driver 3.04.20
[    3.180381] input: ImExPS/2 Generic Explorer Mouse as /devices/platform/i8042/serio1/input/input4
[    3.199782] AVX version of gcm_enc/dec engaged.
[    3.203254] AES CTR mode by8 optimization enabled
[    3.858186] e1000 0000:00:03.0 eth0: (PCI:33MHz:32-bit) 02:3b:7b:b7:3b:2d
[    3.862892] e1000 0000:00:03.0 eth0: Intel(R) PRO/1000 Network Connection
[    3.870300] mptbase: ioc0: Initiating bringup
[    3.981267] ioc0: LSI53C1030 A0: Capabilities={Initiator}
[    4.234373] scsi host2: ioc0: LSI53C1030 A0, FwRev=00000000h, Ports=1, MaxQ=256, IRQ=20
[    4.416850] scsi 2:0:0:0: Direct-Access     VBOX     HARDDISK         1.0  PQ: 0 ANSI: 5
[    4.438418] scsi target2:0:0: Beginning Domain Validation
[    4.450018] scsi target2:0:0: Domain Validation skipping write tests
[    4.457058] scsi target2:0:0: Ending Domain Validation
[    4.463677] scsi target2:0:0: asynchronous
[    4.469173] scsi 2:0:1:0: Direct-Access     VBOX     HARDDISK         1.0  PQ: 0 ANSI: 5
[    4.488493] scsi target2:0:1: Beginning Domain Validation
[    4.599288] scsi target2:0:1: Domain Validation skipping write tests
[    4.605920] scsi target2:0:1: Ending Domain Validation
[    4.631467] scsi target2:0:1: asynchronous
[    4.781186] sd 2:0:0:0: Attached scsi generic sg0 type 0
[    4.787009] sd 2:0:0:0: [sda] 83886080 512-byte logical blocks: (42.9 GB/40.0 GiB)
[    4.802719] sd 2:0:1:0: Attached scsi generic sg1 type 0
[    4.808144] sd 2:0:0:0: [sda] Write Protect is off
[    4.812674] sd 2:0:1:0: [sdb] 20480 512-byte logical blocks: (10.5 MB/10.0 MiB)
[    4.828165] sd 2:0:1:0: [sdb] Write Protect is off
[    4.832821] sd 2:0:0:0: [sda] Incomplete mode parameter data
[    4.838372] sd 2:0:0:0: [sda] Assuming drive cache: write through
[    4.858420] sd 2:0:1:0: [sdb] Incomplete mode parameter data
[    4.863782] sd 2:0:1:0: [sdb] Assuming drive cache: write through
[    4.880160]  sda: sda1
[    4.885433] sd 2:0:0:0: [sda] Attached SCSI disk
[    4.890736] sd 2:0:1:0: [sdb] Attached SCSI disk
[    5.277125] e1000 0000:00:08.0 eth1: (PCI:33MHz:32-bit) 08:00:27:35:b8:e7
[    5.289384] e1000 0000:00:08.0 eth1: Intel(R) PRO/1000 Network Connection
[    5.301714] e1000 0000:00:03.0 enp0s3: renamed from eth0
[    5.330213] e1000 0000:00:08.0 enp0s8: renamed from eth1
Begin: Loading essential drivers ... [    7.923215] raid6: sse2x1   gen()  2331 MB/s
[    7.979565] raid6: sse2x1   xor()  1778 MB/s
[    8.050405] raid6: sse2x2   gen()  3163 MB/s
[    8.117488] raid6: sse2x2   xor()  1975 MB/s
[    8.170284] raid6: sse2x4   gen()  3133 MB/s
[    8.224110] raid6: sse2x4   xor()  2384 MB/s
[    8.227223] raid6: using algorithm sse2x2 gen() 3163 MB/s
[    8.231204] raid6: .... xor() 1975 MB/s, rmw enabled
[    8.234796] raid6: using ssse3x2 recovery algorithm
[    8.244834] xor: automatically using best checksumming function   avx       
[    8.255208] async_tx: api initialized (async)
done.
Begin: Running /scripts/init-premount ... done.
Begin: Mounting root file system ... Begin: Running /scripts/local-top ... done.
Begin: Running /scripts/local-premount ... [    8.456545] Btrfs loaded, crc32c=crc32c-intel
Scanning for Btrfs filesystems
done.
Warning: fsck not present, so skipping root file system
[    8.556272] EXT4-fs (sda1): mounted filesystem with ordered data mode. Opts: (null)
done.
Begin: Running /scripts/local-bottom ... done.
Begin: Running /scripts/init-bottom ... done.
[    9.020406] ip_tables: (C) 2000-2006 Netfilter Core Team
[    9.064848] systemd[1]: systemd 237 running in system mode. (+PAM +AUDIT +SELINUX +IMA +APPARMOR +SMACK +SYSVINIT +UTMP +LIBCRYPTSETUP +GCRYPT +GNUTLS +ACL +XZ +LZ4 +SECCOMP +BLKID +ELFUTILS +KMOD -IDN2 +IDN -PCRE2 default-hierarchy=hybrid)
[    9.087839] systemd[1]: Detected virtualization oracle.
[    9.094651] systemd[1]: Detected architecture x86-64.

Welcome to [1mUbuntu 18.04.6 LTS[0m!

[    9.112368] systemd[1]: Set hostname to <ubuntu>.
[    9.126873] systemd[1]: Initializing machine ID from random generator.
[    9.135663] systemd[1]: Installed transient /etc/machine-id file.
[    9.826675] systemd[1]: Created slice User and Session Slice.
[[0;32m  OK  [0m] Created slice User and Session Slice.
[    9.833023] systemd[1]: Reached target Swap.
[[0;32m  OK  [0m] Reached target Swap.
[    9.839776] systemd[1]: Reached target Mounting snaps.
[[0;32m  OK  [0m] Reached target Mounting snaps.
[    9.845865] systemd[1]: Reached target Mounted snaps.
[[0;32m  OK  [0m] Reached target Mounted snaps.
[[0;32m  OK  [0m] Set up automount Arbitrary Executab…rmats File System Automount Point.
[[0;32m  OK  [0m] Started Forward Password Requests to Wall Directory Watch.
[[0;32m  OK  [0m] Reached target User and Group Name Lookups.
[[0;32m  OK  [0m] Reached target System Time Synchronized.
[[0;32m  OK  [0m] Created slice System Slice.
[[0;32m  OK  [0m] Listening on Device-mapper event daemon FIFOs.
[[0;32m  OK  [0m] Created slice system-serial\x2dgetty.slice.
[[0;32m  OK  [0m] Listening on udev Control Socket.
[[0;32m  OK  [0m] Listening on Journal Socket (/dev/log).
[[0;32m  OK  [0m] Listening on udev Kernel Socket.
[[0;32m  OK  [0m] Listening on /dev/initctl Compatibility Named Pipe.
[[0;32m  OK  [0m] Listening on Syslog Socket.
[[0;32m  OK  [0m] Reached target Slices.
[[0;32m  OK  [0m] Listening on fsck to fsckd communication Socket.
[[0;32m  OK  [0m] Listening on LVM2 poll daemon socket.
[[0;32m  OK  [0m] Listening on Network Service Netlink Socket.
[[0;32m  OK  [0m] Listening on LVM2 metadata daemon socket.
[[0;32m  OK  [0m] Listening on Journal Audit Socket.
[[0;32m  OK  [0m] Listening on Journal Socket.
         Starting File System Check on Root Device...
         Starting Monitoring of LVM2 mirrors…ng dmeventd or progress polling...
         Mounting POSIX Message Queue File System...
         Mounting Kernel Debug File System...
         Starting Set the console keyboard layout...
         Starting Load Kernel Modules...
         Mounting Huge Pages File System...
[   10.123754] Loading iSCSI transport class v2.0-870.
         Starting Create list of required st…ce nodes for the current kernel...
         Starting Uncomplicated firewall...
         Starting udev Coldplug all Devices...
         Starting Journal Service...
[[0;32m  OK  [0m] Started File System Check on Root Device.
[[0;32m  OK  [0m] Mounted POSIX Message Queue File System.
[[0;32m  OK  [0m] Mounted Kernel Debug File System.
[[0;32m  OK  [0m] Mounted Huge Pages File System.
[[0;32m  OK  [0m] Started Create list of required sta…vice nodes for the current kernel.
[[0;32m  OK  [0m] Started File System Check Daemon to report status.
[[0;32m  OK  [0m] Started LVM2 metadata daemon.
         Starting Create Static Device Nodes in /dev...
         Starting Remount Root and Kernel File Systems...
[[0;32m  OK  [0m] Started Uncomplicated firewall.
[   10.428669] iscsi: registered transport (tcp)
[   10.543389] EXT4-fs (sda1): re-mounted. Opts: (null)
[[0;32m  OK  [0m] Started Remount Root and Kernel File Systems.
         Starting Load/Save Random Seed...
[[0;32m  OK  [0m] Started Monitoring of LVM2 mirrors,…sing dmeventd or progress polling.
[[0;32m  OK  [0m] Started Create Static Device Nodes in /dev.
         Starting udev Kernel Device Manager...
[[0;32m  OK  [0m] Started Load/Save Random Seed.
[   10.870952] iscsi: registered transport (iser)
[[0;32m  OK  [0m] Started Load Kernel Modules.
         Starting Apply Kernel Variables...
         Mounting Kernel Configuration File System...
         Mounting FUSE Control File System...
[[0;32m  OK  [0m] Started udev Kernel Device Manager.
[[0;32m  OK  [0m] Mounted Kernel Configuration File System.
[[0;32m  OK  [0m] Mounted FUSE Control File System.
[[0;32m  OK  [0m] Started Journal Service.
         Starting Flush Journal to Persistent Storage...
[[0;32m  OK  [0m] Started Apply Kernel Variables.
[[0;32m  OK  [0m] Started Flush Journal to Persistent Storage.
[[0;32m  OK  [0m] Started udev Coldplug all Devices.
[[0;32m  OK  [0m] Found device /dev/ttyS0.
         Mounting Arbitrary Executable File Formats File System...
[[0;32m  OK  [0m] Mounted Arbitrary Executable File Formats File System.
[[0;32m  OK  [0m] Listening on Load/Save RF Kill Switch Status /dev/rfkill Watch.
[[0;32m  OK  [0m] Started Set the console keyboard layout.
[[0;32m  OK  [0m] Reached target Local File Systems (Pre).
[[0;32m  OK  [0m] Reached target Local File Systems.
         Starting ebtables ruleset management...
         Starting Create Volatile Files and Directories...
         Starting Set console font and keymap...
         Starting Commit a transient machine-id on disk...
         Starting AppArmor initialization...
         Starting Tell Plymouth To Write Out Runtime Data...
[[0;32m  OK  [0m] Started Dispatch Password Requests to Console Directory Watch.
[[0;32m  OK  [0m] Reached target Local Encrypted Volumes.
[[0;32m  OK  [0m] Started Tell Plymouth To Write Out Runtime Data.
[[0;32m  OK  [0m] Started Commit a transient machine-id on disk.
[[0;32m  OK  [0m] Started Create Volatile Files and Directories.
         Starting Update UTMP about System Boot/Shutdown...
[[0;32m  OK  [0m] Started Update UTMP about System Boot/Shutdown.
[[0;32m  OK  [0m] Started ebtables ruleset management.
[[0;32m  OK  [0m] Started AppArmor initialization.
         Starting Load AppArmor profiles managed internally by snapd...
         Starting Initial cloud-init job (pre-networking)...
[[0;32m  OK  [0m] Started Load AppArmor profiles managed internally by snapd.
[[0;32m  OK  [0m] Started Set console font and keymap.
[   31.358266] cloud-init[754]: Cloud-init v. 23.1.2-0ubuntu0~18.04.1 running 'init-local' at Sat, 30 Mar 2024 01:14:31 +0000. Up 30.09 seconds.
[[0;32m  OK  [0m] Started Initial cloud-init job (pre-networking).
[[0;32m  OK  [0m] Reached target Network (Pre).
         Starting Network Service...
[[0;32m  OK  [0m] Started Network Service.
         Starting Wait for Network to be Configured...
         Starting Network Name Resolution...
[[0;32m  OK  [0m] Started Network Name Resolution.
[[0;32m  OK  [0m] Reached target Network.
[[0;32m  OK  [0m] Reached target Host and Network Name Lookups.
[[0;32m  OK  [0m] Started Wait for Network to be Configured.
         Starting Initial cloud-init job (metadata service crawler)...
[   36.266348] cloud-init[871]: Cloud-init v. 23.1.2-0ubuntu0~18.04.1 running 'init' at Sat, 30 Mar 2024 01:14:36 +0000. Up 35.49 seconds.
[   36.286713] cloud-init[871]: ci-info: ++++++++++++++++++++++++++++++++++++++Net device info+++++++++++++++++++++++++++++++++++++++
[   36.300884] cloud-init[871]: ci-info: +--------+-------+----------------------------+---------------+--------+-------------------+
[   36.319911] cloud-init[871]: ci-info: | Device |   Up  |          Address           |      Mask     | Scope  |     Hw-Address    |
[   36.364280] cloud-init[871]: ci-info: +--------+-------+----------------------------+---------------+--------+-------------------+
[   36.410033] cloud-init[871]: ci-info: | enp0s3 |  True |         10.0.2.15          | 255.255.255.0 | global | 02:3b:7b:b7:3b:2d |
[   36.444403] cloud-init[871]: ci-info: | enp0s3 |  True | fe80::3b:7bff:feb7:3b2d/64 |       .       |  link  | 02:3b:7b:b7:3b:2d |
[   36.502883] cloud-init[871]: ci-info: | enp0s8 | False |             .              |       .       |   .    | 08:00:27:35:b8:e7 |
[   36.508425] cloud-init[871]: ci-info: |   lo   |  True |         127.0.0.1          |   255.0.0.0   |  host  |         .         |
[   36.516356] cloud-init[871]: ci-info: |   lo   |  True |          ::1/128           |       .       |  host  |         .         |
[   36.523543] cloud-init[871]: ci-info: +--------+-------+----------------------------+---------------+--------+-------------------+
[   36.529809] cloud-init[871]: ci-info: ++++++++++++++++++++++++++++Route IPv4 info+++++++++++++++++++++++++++++
[   36.540230] cloud-init[871]: ci-info: +-------+-------------+----------+-----------------+-----------+-------+
[   36.560303] cloud-init[871]: ci-info: | Route | Destination | Gateway  |     Genmask     | Interface | Flags |
[   36.566980] cloud-init[871]: ci-info: +-------+-------------+----------+-----------------+-----------+-------+
[   36.573632] cloud-init[871]: ci-info: |   0   |   0.0.0.0   | 10.0.2.2 |     0.0.0.0     |   enp0s3  |   UG  |
[   36.584752] cloud-init[871]: ci-info: |   1   |   10.0.2.0  | 0.0.0.0  |  255.255.255.0  |   enp0s3  |   U   |
[   36.594008] cloud-init[871]: ci-info: |   2   |   10.0.2.2  | 0.0.0.0  | 255.255.255.255 |   enp0s3  |   UH  |
[   36.611222] cloud-init[871]: ci-info: +-------+-------------+----------+-----------------+-----------+-------+
[   36.619627] cloud-init[871]: ci-info: +++++++++++++++++++Route IPv6 info+++++++++++++++++++
[   36.624614] cloud-init[871]: ci-info: +-------+-------------+---------+-----------+-------+
[   36.628725] cloud-init[871]: ci-info: | Route | Destination | Gateway | Interface | Flags |
[   36.633193] cloud-init[871]: ci-info: +-------+-------------+---------+-----------+-------+
[   36.641219] cloud-init[871]: ci-info: |   1   |  fe80::/64  |    ::   |   enp0s3  |   U   |
[   36.664804] cloud-init[871]: ci-info: |   3   |    local    |    ::   |   enp0s3  |   U   |
[   36.697643] cloud-init[871]: ci-info: |   4   |   ff00::/8  |    ::   |   enp0s3  |   U   |
[   36.709565] cloud-init[871]: ci-info: +-------+-------------+---------+-----------+-------+
[   39.184004] cloud-init[871]: Generating public/private rsa key pair.
[   39.204779] cloud-init[871]: Your identification has been saved in /etc/ssh/ssh_host_rsa_key.
[   39.210838] cloud-init[871]: Your public key has been saved in /etc/ssh/ssh_host_rsa_key.pub.
[   39.217082] cloud-init[871]: The key fingerprint is:
[   39.220780] cloud-init[871]: SHA256:2r718QikCWp8+JONCAXltFKsXjv3TNBu8gX6gvGsgFs root@ubuntu-bionic
[   39.231476] cloud-init[871]: The key's randomart image is:
[   39.283493] cloud-init[871]: +---[RSA 2048]----+
[   39.302041] cloud-init[871]: |   o+            |
[   39.320958] cloud-init[871]: |  .+..           |
[   39.347171] cloud-init[871]: |  .oo  .         |
[   39.366276] cloud-init[871]: |  ..o . o        |
[   39.370201] cloud-init[871]: | . o ..+S..      |
[   39.376784] cloud-init[871]: | .o.+o++++.      |
[   39.400626] cloud-init[871]: |. E.=Oo%+.o .    |
[   39.421984] cloud-init[871]: | o oooB.*. o +   |
[   39.427776] cloud-init[871]: |.   ...oo.  o .  |
[   39.448653] cloud-init[871]: +----[SHA256]-----+
[   39.452681] cloud-init[871]: Generating public/private dsa key pair.
[   39.456720] cloud-init[871]: Your identification has been saved in /etc/ssh/ssh_host_dsa_key.
[   39.463115] cloud-init[871]: Your public key has been saved in /etc/ssh/ssh_host_dsa_key.pub.
[   39.489332] cloud-init[871]: The key fingerprint is:
[   39.494205] cloud-init[871]: SHA256:/h5hvrDIrIytJ3jWRRutfF67QxUnyq8xTsYD1kKDbEI root@ubuntu-bionic
[   39.500967] cloud-init[871]: The key's randomart image is:
[   39.505619] cloud-init[871]: +---[DSA 1024]----+
[   39.520266] cloud-init[871]: |   .E. .         |
[   39.540410] cloud-init[871]: |    . + o   o .  |
[   39.561436] cloud-init[871]: |     o o + . +   |
[   39.565542] cloud-init[871]: |      o = + .    |
[   39.570227] cloud-init[871]: |     o =S+oo     |
[   39.594190] cloud-init[871]: |      =..oX..    |
[   39.613194] cloud-init[871]: | . . . oo*o*     |
[   39.618001] cloud-init[871]: |. ++oo ..+=o     |
[   39.624722] [cloud-init[871]: | oo++.+ ..=o     |[0;32m  OK  [0m] Started Initial cloud-init job (metadata service crawler).

[   39.638050] cloud-init[871]: +----[SHA256]-----+[[0;32m  OK  [0m] Reached target Cloud-config availability.
[[0;32m  OK  [0m] Reached target System Initialization.
[[0;32m  OK  [0m] Started Ubuntu Advantage Timer for running repeated jobs.

         [   39.669439] cloud-init[871]: Generating public/private ecdsa key pair.Starting LXD - unix socket.
[[0;32m  OK  [0m
[   39.677659] cloud-init[871]: Your identification has been saved in /etc/ssh/ssh_host_ecdsa_key.
] Started Daily Cleanup of Temporary Directories.
[[0;32m  OK  [0m] Listening on UUID daemon activation socket.
         [   39.710340] Starting Socket activation for snappy daemon.
[[0;32m  OK  [0mcloud-init] Listening on D-Bus System Message Bus Socket.
[871]: Your public key has been saved in /etc/ssh/ssh_host_ecdsa_key.pub.[[0;32m  OK  [0m] Started ACPI Events Check.
[[0;32m  OK  [0m
] Listening on cloud-init hotplug hook socket.
[   39.740127] cloud-init[871]: The key fingerprint is:
[   39.746126] cloud-init[871]: SHA256:CyEIRvy70rEDi23hhE3VTbVCvmGDV8c/v37HjW4kXYI root@ubuntu-bionic[[0;32m  OK  [0m] Listening on Open-iSCSI iscsid Socket.
[[0;32m  OK  [0m] Listening on ACPID Listen Socket.

[   39.771610] [[0;32m  OK  [0m] Started Message of the Day.cloud-init
[[0;32m  OK  [0m] Reached target Paths.
[[0;32m  OK  [0m] Started Daily apt download activities.
[871]: The key's randomart image is:
[   39.794851] cloud-init[871]: +---[ECDSA 256]---+
[   39.798320] cloud-init[[0;32m  OK  [0m] Started Daily apt upgrade and clean activities.
[871]: |+o   . oo.o..    |
[[0;32m  OK  [0m] Started Discard unused blocks once a week.
[[0;32m  OK  [0m] Reached target Timers.
[[0;32m  OK  [0m] Reached target Network is Online.
[   39.814767] cloud-init         Starting Availability of block devices...[871]: |.o .. .+.. o.    |
[   39.831258] cloud-init
[[0;32m  OK  [0m] Reached target Remote File Systems (Pre).
[[0;32m  OK  [0m] Reached target Remote File Systems.
[871]: |  o.. o B .  o   |
[[   39.877936] cloud-init[871]: [0;32m  OK  [0m] Listening on LXD - unix socket.
|  .. . + =  E + .|
[[0;32m  OK  [0m] Listening on Socket activation for snappy daemon.
[   39.896767] [cloud-init[871]: | +  . . S    . = |
[0;32m  OK  [0m] Started Availability of block devices.
[[0;32m  OK  [0m] [   39.920903] cloud-init[871]: |..+o   . .  . o .|
[   39.923112] cloud-initReached target Sockets.
[[0;32m  OK  [0m] Reached target Basic System.[871]: |.++.+   .    o oo|
[   39.943436] cloud-init[871]: |.o+=          o.=|

[[0;32m  OK  [0m] Started irqbalance daemon.
[[   39.982131] cloud-init[0;32m  OK  [0m] Started D-Bus System Message Bus.
[871]: | .. .        oo.o|
[   40.023116] cloud-init[871]: +----[SHA256]-----+
[   40.040988] cloud-init[871]: Generating public/private ed25519 key pair.
[   40.057600] cloud-init[871]: Your identification has been saved in /etc/ssh/ssh_host_ed25519_key.
[   40.083549] cloud-init[871]: Your public key has been saved in /etc/ssh/ssh_host_ed25519_key.pub.
[   40.102765] cloud-init[871]: The key fingerprint is:
[   40.126372] cloud-init[871]: SHA256:rqs6SOjcNyK2dRibjg+GIFtPnkL1AQ3wUJj1k98xDM0 root@ubuntu-bionic
[   40.144455] cloud-init[871]: The key's randomart image is:
         Starting Accounts Service...[   40.164731] cloud-init[871]: +--[ED25519 256]--+
[   40.167873] 
         Starting Dispatcher daemon for systemd-networkd...cloud-init
         [871]: Starting LSB: Record successful boot for GRUB...
         Starting Permit User Sessions...
         Starting Login Service...
[[0;32m  OK  [0m] Started FUSE filesystem for LXC.
[[0;32m  OK  [0m] Started Deferred execution scheduler.
|  o*=o  .o       |[[0;32m  OK  [0m] Started Regular background program processing daemon.
[[0;32m  OK  [0m] Reached target Login Prompts (Pre).
[   40.362123] cloud-init[871]: 
         Starting Pollinate to seed the pseudo random number generator...
         Starting Snap Daemon...
         Starting Virtualbox guest utils...|  oo o.. oE      |
         
[   40.451058] Starting System Logging Service...
         Starting LSB: automatic crash report generation...
cloud-init         Starting LXD - container startup/shutdown...
[871]: |    o =   +      |[[0;32m  OK  [0m] Started Permit User Sessions.
         
[   40.554354] Starting Hold until boot process finishes up...
         Starting Terminate Plymouth Boot Screen...
cloud-init[871]: |   . . + . o     |
[   40.651348] [[0;32m  OK  [0m] Started Hold until boot process finishes up.cloud-init
[871]: [[0;32m  OK  [0m] Started Terminate Plymouth Boot Screen.|+ o.. . S .      |

[[0;32m  OK  [0m] Started Serial Getty on ttyS0.[   40.703958] 
         Starting Set console scheme...
cloud-init[871]: |== +=. .         |
[   40.795016] cloud-init[871]: |*+o=+.  .        |
[   40.874182] cloud-init[871]: |o=*+.o .         |[[0;32m  OK  [0m] Started Set console scheme.
[[0;32m  OK  [0m] Created slice system-getty.slice.

[[0;32m  OK  [0m] Started Getty on tty1.
[[0;32m  OK  [0m] Reached target Login Prompts.
[[0;32m  OK  [0m] Started System Logging Service.
[   41.003299] cloud-init[871]: |.o==+.+.         |
[   41.040444] cloud-init[871]: +----[SHA256]-----+
[[0;32m  OK  [0m] Started Login Service.
[[0;32m  OK  [0m] Started Unattended Upgrades Shutdown.
[[0;32m  OK  [0m] Started LSB: automatic crash report generation.
         Starting Authorization Manager...
[[0;32m  OK  [0m] Started LSB: Record successful boot for GRUB.
[[0;32m  OK  [0m] Started Authorization Manager.
[[0;32m  OK  [0m] Started Accounts Service.
[[0;32m  OK  [0m] Started LXD - container startup/shutdown.
[[0;32m  OK  [0m] Started Virtualbox guest utils.
[[0;32m  OK  [0m] Started Dispatcher daemon for systemd-networkd.
[[0;32m  OK  [0m] Started Snap Daemon.
         Starting Wait until snapd is fully seeded...
[[0;32m  OK  [0m] Started Pollinate to seed the pseudo random number generator.
         Starting OpenBSD Secure Shell server...
[[0;32m  OK  [0m] Started OpenBSD Secure Shell server.

Ubuntu 18.04.6 LTS ubuntu-bionic ttyS0

ubuntu-bionic login: [   62.812848] cloud-init[1331]: Cloud-init v. 23.1.2-0ubuntu0~18.04.1 running 'modules:config' at Sat, 30 Mar 2024 01:15:01 +0000. Up 60.15 seconds.
ci-info: no authorized SSH keys fingerprints found for user ubuntu.
<14>Mar 30 01:15:08 cloud-init: #############################################################
<14>Mar 30 01:15:08 cloud-init: -----BEGIN SSH HOST KEY FINGERPRINTS-----
<14>Mar 30 01:15:08 cloud-init: 1024 SHA256:/h5hvrDIrIytJ3jWRRutfF67QxUnyq8xTsYD1kKDbEI root@ubuntu-bionic (DSA)
<14>Mar 30 01:15:08 cloud-init: 256 SHA256:CyEIRvy70rEDi23hhE3VTbVCvmGDV8c/v37HjW4kXYI root@ubuntu-bionic (ECDSA)
<14>Mar 30 01:15:08 cloud-init: 256 SHA256:rqs6SOjcNyK2dRibjg+GIFtPnkL1AQ3wUJj1k98xDM0 root@ubuntu-bionic (ED25519)
<14>Mar 30 01:15:08 cloud-init: 2048 SHA256:2r718QikCWp8+JONCAXltFKsXjv3TNBu8gX6gvGsgFs root@ubuntu-bionic (RSA)
<14>Mar 30 01:15:08 cloud-init: -----END SSH HOST KEY FINGERPRINTS-----
<14>Mar 30 01:15:08 cloud-init: #############################################################
-----BEGIN SSH HOST KEY KEYS-----
ecdsa-sha2-nistp256 AAAAE2VjZHNhLXNoYTItbmlzdHAyNTYAAAAIbmlzdHAyNTYAAABBBKohYyaytoxYWNarYZLKPjHHA0x5RfNZb4nrqYHAum5rhDupkqHCW/tExHAzaQvazTqiNmarJdmyFz9csXEGbbA= root@ubuntu-bionic
ssh-ed25519 AAAAC3NzaC1lZDI1NTE5AAAAIGPihWCRwcDor3IB6d/spsIZSrpGKYO0QY3WoaHAvnIj root@ubuntu-bionic
ssh-rsa AAAAB3NzaC1yc2EAAAADAQABAAABAQC/pcRFgYLHL4kaLZPSvLc3VW8Tat001mF0h9a9haze6mWQfW1/CIYjG0DZBr2WAnsu9dxoP+3yLWCJ4sIpnSBcQlQxNeBi/JFigYBJ32hPlfFAeuG/YZxFYwHm7kzibPbDSeudAzvVogGJFLhw7wRCBSWkZvscnQ1Nk6L09nqDwAc9PdaWxFk4zQoAIMlfKai9bMIhBfuNaWrFTB15b5xy8DY+7FRb3FtO4BUKhT5HhOibJPhZMxHS3Smthvj9sYIxBhg52aYuERcERdQ2vVPK1IfhUhpx21u5aHQoYeOEwuqQAIQfExCiphyrbI0czOQGK4Cq4xgYWB0ayVxQRkc3 root@ubuntu-bionic
-----END SSH HOST KEY KEYS-----
[   68.003347] cloud-init[1522]: Cloud-init v. 23.1.2-0ubuntu0~18.04.1 running 'modules:final' at Sat, 30 Mar 2024 01:15:07 +0000. Up 66.60 seconds.
[   68.047726] cloud-init[1522]: Cloud-init v. 23.1.2-0ubuntu0~18.04.1 finished at Sat, 30 Mar 2024 01:15:08 +0000. Datasource DataSourceNoCloud [seed=/dev/sdb][dsmode=net].  Up 67.89 seconds
